<?xml version="1.0" encoding="UTF-8"?>
<!-- Generated by org.testng.reporters.JUnitXMLReporter -->
<testsuite ignored="1" hostname="Sharvesh-PC" failures="0" tests="1" name="Default test" time="2.795" errors="0" timestamp="2021-02-10T22:55:32 NZDT">
  <testcase classname="schema_validation.schema" name="xml_dtd_schema_validation" time="2.754"/>
  <testcase classname="schema_validation.schema" name="json_schema_validation" time="0.0">
    <ignored/>
  </testcase> <!-- json_schema_validation -->
</testsuite> <!-- Default test -->
